<?xml version="1.0" encoding="UTF-8"?>
<!-- Generated by org.testng.reporters.JUnitReportReporter -->
<testsuite hostname="CLD-LAB0-QAA01" name="com.whs.navigator.testcases.Example_Vivek1" tests="1" failures="0" timestamp="22 Jun 2016 14:09:57 GMT" time="13.658" errors="0">
  <testcase name="valEVDCStorageProfilePortlet" time="13.658" classname="com.whs.navigator.testcases.Example_Vivek1"/>
</testsuite> <!-- com.whs.navigator.testcases.Example_Vivek1 -->
