<?xml version="1.0" encoding="UTF-8"?>
<!-- Generated by org.testng.reporters.JUnitReportReporter -->
<testsuite hostname="CLD-LAB0-QAA01" name="com.whs.navigator.testcases.GalenTestCase_Priyanka" tests="1" failures="0" timestamp="13 Jul 2016 11:48:19 GMT" time="201.243" errors="0">
  <testcase name="verifyDNSZone" time="201.243" classname="com.whs.navigator.testcases.GalenTestCase_Priyanka"/>
</testsuite> <!-- com.whs.navigator.testcases.GalenTestCase_Priyanka -->
