<?xml version="1.0" encoding="UTF-8"?>
<!-- Generated by org.testng.reporters.JUnitReportReporter -->
<testsuite hostname="CLD-LAB0-QAA01" name="com.whs.navigator.testcases.AnnouncementTestCase" tests="2" failures="0" timestamp="7 Dec 2016 10:25:14 GMT" time="461.996" errors="0">
  <testcase name="verifyAnnouncementsinViewboard" time="225.930" classname="com.whs.navigator.testcases.AnnouncementTestCase"/>
  <testcase name="verifyAnnouncementinViewcalendar" time="236.066" classname="com.whs.navigator.testcases.AnnouncementTestCase"/>
</testsuite> <!-- com.whs.navigator.testcases.AnnouncementTestCase -->
