<?xml version="1.0" encoding="UTF-8"?>
<!-- Generated by org.testng.reporters.JUnitReportReporter -->
<testsuite hostname="CLD-LAB0-QAA01" name="com.whs.navigator.testcases.CorwinTestCase_Priyanka" tests="5" failures="0" timestamp="6 Jul 2016 10:31:36 GMT" time="273.617" errors="0">
  <testcase name="verifyEBFooterLongOrgName" time="85.830" classname="com.whs.navigator.testcases.CorwinTestCase_Priyanka"/>
  <testcase name="VerifyPhysicalDCPortlet" time="68.985" classname="com.whs.navigator.testcases.CorwinTestCase_Priyanka"/>
  <testcase name="verifyEVDCNameOnHomePage" time="30.823" classname="com.whs.navigator.testcases.CorwinTestCase_Priyanka"/>
  <testcase name="verifyCreateTktEntity02Usr" time="65.031" classname="com.whs.navigator.testcases.CorwinTestCase_Priyanka"/>
  <testcase name="VerifyPhysicalDCPortletData" time="22.948" classname="com.whs.navigator.testcases.CorwinTestCase_Priyanka"/>
</testsuite> <!-- com.whs.navigator.testcases.CorwinTestCase_Priyanka -->
