<?xml version="1.0" encoding="UTF-8"?>
<!-- Generated by org.testng.reporters.JUnitReportReporter -->
<testsuite hostname="CLD-LAB0-QAA01" name="com.whs.navigator.testcases.Talon.TalonTestCase_SLP" tests="1" failures="0" timestamp="4 Aug 2016 09:02:29 GMT" time="32.561" errors="0">
  <testcase name="verifyPurchaseAddCloudEVDCnotPresent" time="32.561" classname="com.whs.navigator.testcases.Talon.TalonTestCase_SLP"/>
</testsuite> <!-- com.whs.navigator.testcases.Talon.TalonTestCase_SLP -->
