<?xml version="1.0" encoding="UTF-8"?>
<!-- Generated by org.testng.reporters.JUnitReportReporter -->
<testsuite hostname="CLD-LAB0-QAA01" name="com.whs.navigator.testcases.TakashimaTestCase_NMR" tests="1" failures="0" timestamp="26 Jul 2016 09:39:32 GMT" time="63.691" errors="0">
  <testcase name="verifyServiceObjectsColumnHeaders" time="63.691" classname="com.whs.navigator.testcases.TakashimaTestCase_NMR"/>
</testsuite> <!-- com.whs.navigator.testcases.TakashimaTestCase_NMR -->
