<?xml version="1.0" encoding="UTF-8"?>
<!-- Generated by org.testng.reporters.JUnitReportReporter -->
<testsuite hostname="CLD-LAB0-QAA01" name="com.whs.navigator.testcases.TestScriptTemplate" tests="1" failures="0" timestamp="25 Jul 2016 14:01:00 GMT" time="0.062" errors="0">
  <testcase name="scriptNameStartsWithSmallLetter" time="0.062" classname="com.whs.navigator.testcases.TestScriptTemplate"/>
</testsuite> <!-- com.whs.navigator.testcases.TestScriptTemplate -->
