<?xml version="1.0" encoding="UTF-8"?>
<!-- Generated by org.testng.reporters.JUnitReportReporter -->
<testsuite hostname="CLD-LAB0-QAA01" name="com.whs.navigator.testcases.CorwinTestCases_Arul" tests="3" failures="0" timestamp="14 Jun 2016 13:07:50 GMT" time="157.373" errors="0">
  <testcase name="verifyStorageAndDeviceDetailsOnPDC" time="53.373" classname="com.whs.navigator.testcases.CorwinTestCases_Arul"/>
  <testcase name="verifyPDCNotDisplayed" time="79.886" classname="com.whs.navigator.testcases.CorwinTestCases_Arul"/>
  <testcase name="verifyPDCNameFormat" time="24.114" classname="com.whs.navigator.testcases.CorwinTestCases_Arul"/>
</testsuite> <!-- com.whs.navigator.testcases.CorwinTestCases_Arul -->
