<?xml version="1.0" encoding="UTF-8"?>
<!-- Generated by org.testng.reporters.JUnitReportReporter -->
<testsuite hostname="CLD-LAB0-QAA01" name="com.whs.navigator.testcases.chamber.SSOLoginTestCase_Vivek" tests="6" failures="1" timestamp="14 Feb 2017 13:38:40 GMT" time="1029.117" errors="0">
  <testcase name="verifySSOforNavigatorCompassForms" time="150.477" classname="com.whs.navigator.testcases.chamber.SSOLoginTestCase_Vivek"/>
  <testcase name="valVCloudIntegration" time="159.791" classname="com.whs.navigator.testcases.chamber.SSOLoginTestCase_Vivek"/>
  <testcase name="valEntityBrowserRollUpVCD" time="129.548" classname="com.whs.navigator.testcases.chamber.SSOLoginTestCase_Vivek">
    <failure type="java.lang.Error" message="Unresolved compilation problem: 
">
      <![CDATA[java.lang.Error: Unresolved compilation problem: 

	at com.whs.navigator.testcases.EntityBrowserTestCase.selectOrgFromAllLevelsEB(EntityBrowserTestCase.java:2291)
	at com.whs.navigator.testcases.chamber.SSOLoginTestCase_Vivek.valEntityBrowserRollUpVCD(SSOLoginTestCase_Vivek.java:65)
	at sun.reflect.NativeMethodAccessorImpl.invoke0(Native Method)
	at sun.reflect.NativeMethodAccessorImpl.invoke(Unknown Source)
	at sun.reflect.DelegatingMethodAccessorImpl.invoke(Unknown Source)
	at java.lang.reflect.Method.invoke(Unknown Source)
	at org.testng.internal.MethodInvocationHelper.invokeMethod(MethodInvocationHelper.java:84)
	at org.testng.internal.Invoker.invokeMethod(Invoker.java:714)
	at org.testng.internal.Invoker.invokeTestMethod(Invoker.java:901)
	at org.testng.internal.Invoker.invokeTestMethods(Invoker.java:1231)
	at org.testng.internal.TestMethodWorker.invokeTestMethods(TestMethodWorker.java:127)
	at org.testng.internal.TestMethodWorker.run(TestMethodWorker.java:111)
	at org.testng.TestRunner.privateRun(TestRunner.java:767)
	at org.testng.TestRunner.run(TestRunner.java:617)
	at org.testng.SuiteRunner.runTest(SuiteRunner.java:334)
	at org.testng.SuiteRunner.runSequentially(SuiteRunner.java:329)
	at org.testng.SuiteRunner.privateRun(SuiteRunner.java:291)
	at org.testng.SuiteRunner.run(SuiteRunner.java:240)
	at org.testng.SuiteRunnerWorker.runSuite(SuiteRunnerWorker.java:52)
	at org.testng.SuiteRunnerWorker.run(SuiteRunnerWorker.java:86)
	at org.testng.TestNG.runSuitesSequentially(TestNG.java:1224)
	at org.testng.TestNG.runSuitesLocally(TestNG.java:1149)
	at org.testng.TestNG.run(TestNG.java:1057)
	at org.testng.remote.RemoteTestNG.run(RemoteTestNG.java:111)
	at org.testng.remote.RemoteTestNG.initAndRun(RemoteTestNG.java:204)
	at org.testng.remote.RemoteTestNG.main(RemoteTestNG.java:175)
]]>
    </failure>
  </testcase> <!-- valEntityBrowserRollUpVCD -->
  <testcase name="verifyContactInfoInCompass" time="262.555" classname="com.whs.navigator.testcases.chamber.SSOLoginTestCase_Vivek"/>
  <testcase name="verifySSOEM7Login" time="105.407" classname="com.whs.navigator.testcases.chamber.SSOLoginTestCase_Vivek"/>
  <testcase name="verifySSOPersonaLogin" time="221.339" classname="com.whs.navigator.testcases.chamber.SSOLoginTestCase_Vivek"/>
</testsuite> <!-- com.whs.navigator.testcases.chamber.SSOLoginTestCase_Vivek -->
