<?xml version="1.0" encoding="UTF-8"?>
<!-- Generated by org.testng.reporters.JUnitReportReporter -->
<testsuite hostname="CLD-LAB0-QAA01" name="com.whs.navigator.testcases.zathras.CopyOfZathrasTestCase_Sukur" tests="1" failures="0" timestamp="5 Sep 2016 07:46:48 GMT" time="83.042" errors="0">
  <testcase name="Delete" time="83.042" classname="com.whs.navigator.testcases.zathras.CopyOfZathrasTestCase_Sukur"/>
</testsuite> <!-- com.whs.navigator.testcases.zathras.CopyOfZathrasTestCase_Sukur -->
