<?xml version="1.0" encoding="UTF-8"?>
<!-- Generated by org.testng.reporters.JUnitReportReporter -->
<testsuite hostname="CLD-LAB0-QAA01" name="com.whs.navigator.testcases.Tickets.IntegratedTicketTestCase_SLP" tests="1" failures="0" timestamp="28 Apr 2017 13:56:41 GMT" time="452.242" errors="0">
  <testcase name="verifyTicketCreatedfromCreateTicketLinkinFirewall" time="452.242" classname="com.whs.navigator.testcases.Tickets.IntegratedTicketTestCase_SLP"/>
</testsuite> <!-- com.whs.navigator.testcases.Tickets.IntegratedTicketTestCase_SLP -->
