<?xml version="1.0" encoding="UTF-8"?>
<!-- Generated by org.testng.reporters.JUnitReportReporter -->
<testsuite hostname="CLD-LAB0-QAA01" name="com.whs.navigator.testcases.Tickets.TicketsTestCases_Vivek" tests="1" failures="0" timestamp="21 Feb 2017 10:07:28 GMT" time="177.946" errors="0">
  <testcase name="Demo" time="177.946" classname="com.whs.navigator.testcases.Tickets.TicketsTestCases_Vivek"/>
</testsuite> <!-- com.whs.navigator.testcases.Tickets.TicketsTestCases_Vivek -->
