<?xml version="1.0" encoding="UTF-8"?>
<!-- Generated by org.testng.reporters.JUnitReportReporter -->
<testsuite hostname="CLD-LAB0-QAA01" name="com.whs.navigator.testcases.adira.AdiraTestCase_Priyanka" tests="4" failures="0" timestamp="18 Apr 2017 10:23:27 GMT" time="1131.945" errors="0">
  <testcase name="verifySalesOrderLeftMenu" time="269.700" classname="com.whs.navigator.testcases.adira.AdiraTestCase_Priyanka"/>
  <testcase name="verifyFormsAddQuestionPopUp" time="351.885" classname="com.whs.navigator.testcases.adira.AdiraTestCase_Priyanka"/>
  <testcase name="verifyFormsMyQuestionsPortlet" time="219.993" classname="com.whs.navigator.testcases.adira.AdiraTestCase_Priyanka"/>
  <testcase name="verifyFormsMyQuestionsPortletHover" time="290.367" classname="com.whs.navigator.testcases.adira.AdiraTestCase_Priyanka"/>
</testsuite> <!-- com.whs.navigator.testcases.adira.AdiraTestCase_Priyanka -->
