<?xml version="1.0" encoding="UTF-8"?>
<!-- Generated by org.testng.reporters.JUnitReportReporter -->
<testsuite hostname="CLD-LAB0-QAA01" name="com.whs.navigator.testcases.UserPermissionManageEntityTestCase" tests="1" failures="0" timestamp="5 Jul 2016 11:37:58 GMT" time="211.786" errors="0">
  <testcase name="navValidatepermFunctionalityForTickets" time="211.786" classname="com.whs.navigator.testcases.UserPermissionManageEntityTestCase"/>
</testsuite> <!-- com.whs.navigator.testcases.UserPermissionManageEntityTestCase -->
