<?xml version="1.0" encoding="UTF-8"?>
<!-- Generated by org.testng.reporters.JUnitReportReporter -->
<testsuite hostname="CLD-LAB0-QAA01" name="com.whs.navigator.testcases.adira.AdiraTestCase_Sukur" tests="1" failures="0" timestamp="9 May 2017 16:48:07 GMT" time="545.314" errors="0">
  <testcase name="verifyQuestionsOnPublicCloudContactForm" time="545.314" classname="com.whs.navigator.testcases.adira.AdiraTestCase_Sukur"/>
</testsuite> <!-- com.whs.navigator.testcases.adira.AdiraTestCase_Sukur -->
