<?xml version="1.0" encoding="UTF-8"?>
<!-- Generated by org.testng.reporters.JUnitReportReporter -->
<testsuite hostname="CLD-LAB0-QAA01" name="com.whs.navigator.testcases.valen.ValenTestCase_Priyanka" tests="1" failures="0" timestamp="30 Aug 2016 07:20:18 GMT" time="73.763" errors="0">
  <testcase name="VerifyPrivateStoragePortlet" time="73.763" classname="com.whs.navigator.testcases.valen.ValenTestCase_Priyanka"/>
</testsuite> <!-- com.whs.navigator.testcases.valen.ValenTestCase_Priyanka -->
