<?xml version="1.0" encoding="UTF-8"?>
<!-- Generated by org.testng.reporters.JUnitReportReporter -->
<testsuite hostname="CLD-LAB0-QAA01" name="com.whs.navigator.testcases.Miller.MillerTestCase_Vivek" tests="1" failures="0" timestamp="16 May 2017 13:29:01 GMT" time="279.078" errors="0">
  <testcase name="verifyEscalationProcTxtEdt" time="279.078" classname="com.whs.navigator.testcases.Miller.MillerTestCase_Vivek"/>
</testsuite> <!-- com.whs.navigator.testcases.Miller.MillerTestCase_Vivek -->
