<?xml version="1.0" encoding="UTF-8"?>
<!-- Generated by org.testng.reporters.JUnitReportReporter -->
<testsuite hostname="CLD-LAB0-QAA01" name="com.whs.navigator.testcases.ValenTestCase_Vivek" tests="1" failures="1" timestamp="2 Aug 2016 13:20:18 GMT" time="38.489" errors="0">
  <testcase name="valRoleENotViewDelBtn" time="38.489" classname="com.whs.navigator.testcases.ValenTestCase_Vivek">
    <failure type="java.lang.Error" message="Unresolved compilation problem: 
	The method getNav_UserRoleDropDownArrow() is undefined for the type UserPermissionPageFactory
">
      <![CDATA[java.lang.Error: Unresolved compilation problem: 
	The method getNav_UserRoleDropDownArrow() is undefined for the type UserPermissionPageFactory

	at com.whs.navigator.testcases.UserPermissionTestCase.setUserPermission(UserPermissionTestCase.java:1190)
	at com.whs.navigator.testcases.ValenTestCase_Vivek.valRoleENotViewDelBtn(ValenTestCase_Vivek.java:107)
	at sun.reflect.NativeMethodAccessorImpl.invoke0(Native Method)
	at sun.reflect.NativeMethodAccessorImpl.invoke(Unknown Source)
	at sun.reflect.DelegatingMethodAccessorImpl.invoke(Unknown Source)
	at java.lang.reflect.Method.invoke(Unknown Source)
	at org.testng.internal.MethodInvocationHelper.invokeMethod(MethodInvocationHelper.java:84)
	at org.testng.internal.Invoker.invokeMethod(Invoker.java:714)
	at org.testng.internal.Invoker.invokeTestMethod(Invoker.java:901)
	at org.testng.internal.Invoker.invokeTestMethods(Invoker.java:1231)
	at org.testng.internal.TestMethodWorker.invokeTestMethods(TestMethodWorker.java:127)
	at org.testng.internal.TestMethodWorker.run(TestMethodWorker.java:111)
	at org.testng.TestRunner.privateRun(TestRunner.java:767)
	at org.testng.TestRunner.run(TestRunner.java:617)
	at org.testng.SuiteRunner.runTest(SuiteRunner.java:334)
	at org.testng.SuiteRunner.runSequentially(SuiteRunner.java:329)
	at org.testng.SuiteRunner.privateRun(SuiteRunner.java:291)
	at org.testng.SuiteRunner.run(SuiteRunner.java:240)
	at org.testng.SuiteRunnerWorker.runSuite(SuiteRunnerWorker.java:52)
	at org.testng.SuiteRunnerWorker.run(SuiteRunnerWorker.java:86)
	at org.testng.TestNG.runSuitesSequentially(TestNG.java:1224)
	at org.testng.TestNG.runSuitesLocally(TestNG.java:1149)
	at org.testng.TestNG.run(TestNG.java:1057)
	at org.testng.remote.RemoteTestNG.run(RemoteTestNG.java:111)
	at org.testng.remote.RemoteTestNG.initAndRun(RemoteTestNG.java:204)
	at org.testng.remote.RemoteTestNG.main(RemoteTestNG.java:175)
]]>
    </failure>
  </testcase> <!-- valRoleENotViewDelBtn -->
</testsuite> <!-- com.whs.navigator.testcases.ValenTestCase_Vivek -->
