<?xml version="1.0" encoding="UTF-8"?>
<!-- Generated by org.testng.reporters.JUnitReportReporter -->
<testsuite hostname="CLD-LAB0-QAA01" name="com.whs.navigator.testcases.SukurTestCase" tests="1" failures="0" timestamp="15 Jul 2016 12:57:03 GMT" time="16.990" errors="0">
  <testcase name="ABC" time="16.990" classname="com.whs.navigator.testcases.SukurTestCase"/>
</testsuite> <!-- com.whs.navigator.testcases.SukurTestCase -->
