<?xml version="1.0" encoding="UTF-8"?>
<!-- Generated by org.testng.reporters.JUnitReportReporter -->
<testsuite hostname="CLD-LAB0-QAA01" name="com.whs.navigator.testcases.zathras.ZathrasTestCase_Sukur" tests="1" failures="0" timestamp="23 Sep 2016 09:12:14 GMT" time="58.281" errors="0">
  <testcase name="assignEditStorageThresholdroletoanuser" time="58.281" classname="com.whs.navigator.testcases.zathras.ZathrasTestCase_Sukur"/>
</testsuite> <!-- com.whs.navigator.testcases.zathras.ZathrasTestCase_Sukur -->
