<?xml version="1.0" encoding="UTF-8"?>
<!-- Generated by org.testng.reporters.JUnitReportReporter -->
<testsuite hostname="CLD-LAB0-QAA01" name="com.whs.navigator.testcases.TicketTestCase" tests="1" failures="0" timestamp="16 Aug 2016 12:59:14 GMT" time="104.169" errors="0">
  <testcase name="verifyTktLogsandTktSrvcLogs" time="104.169" classname="com.whs.navigator.testcases.TicketTestCase"/>
</testsuite> <!-- com.whs.navigator.testcases.TicketTestCase -->
