<?xml version="1.0" encoding="UTF-8"?>
<!-- Generated by org.testng.reporters.JUnitReportReporter -->
<testsuite hostname="CLD-LAB0-QAA01" name="com.whs.navigator.testcases.valen.ValenTestCase_Vivek" tests="1" failures="0" timestamp="24 Aug 2016 11:25:19 GMT" time="28.220" errors="0">
  <testcase name="login" time="28.220" classname="com.whs.navigator.testcases.valen.ValenTestCase_Vivek"/>
</testsuite> <!-- com.whs.navigator.testcases.valen.ValenTestCase_Vivek -->
