<?xml version="1.0" encoding="UTF-8"?>
<!-- Generated by org.testng.reporters.JUnitReportReporter -->
<testsuite hostname="CLD-LAB0-QAA01" name="com.whs.navigator.testcases.Others.BackLogsTestCase_SLP" tests="1" failures="0" timestamp="1 Mar 2017 11:39:38 GMT" time="5157.840" errors="0">
  <testcase name="createTicketFromHomeFeedBackPortlet" time="5157.840" classname="com.whs.navigator.testcases.Others.BackLogsTestCase_SLP"/>
</testsuite> <!-- com.whs.navigator.testcases.Others.BackLogsTestCase_SLP -->
