<?xml version="1.0" encoding="UTF-8"?>
<!-- Generated by org.testng.reporters.JUnitReportReporter -->
<testsuite hostname="CLD-LAB0-QAA01" name="com.whs.navigator.testcases.Tickets.TicketMappingTestCase_SLP" tests="1" failures="0" timestamp="28 Apr 2017 14:04:09 GMT" time="374.975" errors="0">
  <testcase name="verifyCollapseCreationTimeSortingLongNotesdisplayed" time="374.975" classname="com.whs.navigator.testcases.Tickets.TicketMappingTestCase_SLP"/>
</testsuite> <!-- com.whs.navigator.testcases.Tickets.TicketMappingTestCase_SLP -->
