<?xml version="1.0" encoding="UTF-8"?>
<!-- Generated by org.testng.reporters.JUnitReportReporter -->
<testsuite hostname="CLD-LAB0-QAA01" name="com.whs.navigator.testcases.KyleTestCase_Vivek" tests="1" failures="0" timestamp="23 Jun 2016 08:01:47 GMT" time="62.650" errors="0">
  <testcase name="valEVDCStorageProfilePortlet" time="62.650" classname="com.whs.navigator.testcases.KyleTestCase_Vivek"/>
</testsuite> <!-- com.whs.navigator.testcases.KyleTestCase_Vivek -->
