<?xml version="1.0" encoding="UTF-8"?>
<!-- Generated by org.testng.reporters.JUnitReportReporter -->
<testsuite hostname="WTIN01500914L" name="com.Schneider.testcases.Startup_debug" tests="1" failures="0" timestamp="19 May 2017 08:45:50 GMT" time="5.561" errors="0">
  <testcase name="openPortal" time="5.561" classname="com.Schneider.testcases.Startup_debug"/>
</testsuite> <!-- com.Schneider.testcases.Startup_debug -->
