<?xml version="1.0" encoding="UTF-8"?>
<!-- Generated by org.testng.reporters.JUnitReportReporter -->
<testsuite hostname="CLD-LAB0-QAA01" name="com.whs.navigator.testcases.TalonTestCase" tests="1" failures="0" timestamp="30 Jun 2016 07:30:20 GMT" time="41.473" errors="0">
  <testcase name="validateAddServicesPageTextandContactNumber" time="41.473" classname="com.whs.navigator.testcases.TalonTestCase"/>
</testsuite> <!-- com.whs.navigator.testcases.TalonTestCase -->
