<?xml version="1.0" encoding="UTF-8"?>
<!-- Generated by org.testng.reporters.JUnitReportReporter -->
<testsuite hostname="CLD-LAB0-QAA01" name="com.whs.navigator.testcases.LefCourt_SP1TestCase_NMR" tests="1" failures="0" timestamp="17 May 2016 09:43:31 GMT" time="49.917" errors="0">
  <testcase name="verifyFormsApprovedStatus" time="49.917" classname="com.whs.navigator.testcases.LefCourt_SP1TestCase_NMR"/>
</testsuite> <!-- com.whs.navigator.testcases.LefCourt_SP1TestCase_NMR -->
