<?xml version="1.0" encoding="UTF-8"?>
<!-- Generated by org.testng.reporters.JUnitReportReporter -->
<testsuite hostname="CLD-LAB0-QAA01" name="com.whs.navigator.testcases.Miller.MillerTestCase_Sukur" tests="3" failures="0" timestamp="4 May 2017 16:09:22 GMT" time="298.425" errors="0">
  <testcase name="validateAddToCriticalEscalationListFunctionality" time="16.338" classname="com.whs.navigator.testcases.Miller.MillerTestCase_Sukur"/>
  <testcase name="verifyDeleteAndDragdropnotexist" time="265.630" classname="com.whs.navigator.testcases.Miller.MillerTestCase_Sukur"/>
  <testcase name="validateCriticalEscalationDeleteFunctionality" time="16.457" classname="com.whs.navigator.testcases.Miller.MillerTestCase_Sukur"/>
</testsuite> <!-- com.whs.navigator.testcases.Miller.MillerTestCase_Sukur -->
