<?xml version="1.0" encoding="UTF-8"?>
<!-- Generated by org.testng.reporters.JUnitReportReporter -->
<testsuite hostname="WTIN01500914L" name="com.whs.navigator.testcases.Startup_debug" tests="1" failures="0" timestamp="17 May 2017 09:38:23 GMT" time="7.164" errors="0">
  <testcase name="openNavigator" time="7.164" classname="com.whs.navigator.testcases.Startup_debug"/>
</testsuite> <!-- com.whs.navigator.testcases.Startup_debug -->
