<?xml version="1.0" encoding="UTF-8"?>
<!-- Generated by org.testng.reporters.JUnitReportReporter -->
<testsuite hostname="CLD-LAB0-QAA01" name="com.whs.navigator.testcases.BadgeTestCase" tests="2" failures="0" timestamp="27 Mar 2017 11:48:27 GMT" time="835.917" errors="0">
  <testcase name="verifyNoDataMessagebydelBadges" time="315.038" classname="com.whs.navigator.testcases.BadgeTestCase"/>
  <testcase name="verifyViewBadgesEditFunctionality" time="520.879" classname="com.whs.navigator.testcases.BadgeTestCase"/>
</testsuite> <!-- com.whs.navigator.testcases.BadgeTestCase -->
