<?xml version="1.0" encoding="UTF-8"?>
<!-- Generated by org.testng.reporters.JUnitReportReporter -->
<testsuite hostname="CLD-LAB0-QAA01" name="com.whs.navigator.testcases.TalonTestCase_Vivek" tests="1" failures="0" timestamp="17 May 2016 12:07:16 GMT" time="173.529" errors="0">
  <testcase name="searchValidSales" time="173.529" classname="com.whs.navigator.testcases.TalonTestCase_Vivek"/>
</testsuite> <!-- com.whs.navigator.testcases.TalonTestCase_Vivek -->
