<?xml version="1.0" encoding="UTF-8"?>
<!-- Generated by org.testng.reporters.JUnitReportReporter -->
<testsuite hostname="CLD-LAB0-QAA01" name="com.whs.navigator.testcases.KyleTestCase_SLP" tests="1" failures="0" timestamp="14 Jul 2016 12:59:25 GMT" time="39.272" errors="0">
  <testcase name="validateTicketNumberSalesOrderinCompletedSection" time="39.272" classname="com.whs.navigator.testcases.KyleTestCase_SLP"/>
</testsuite> <!-- com.whs.navigator.testcases.KyleTestCase_SLP -->
