<?xml version="1.0" encoding="UTF-8"?>
<!-- Generated by org.testng.reporters.JUnitReportReporter -->
<testsuite hostname="CLD-LAB0-QAA01" name="com.whs.navigator.testcases.Takashima.TakashimaTestCase_Priyanka" tests="1" failures="0" timestamp="8 Aug 2016 10:38:02 GMT" time="52.608" errors="0">
  <testcase name="verifyDnsSenderPolicyRecords" time="52.608" classname="com.whs.navigator.testcases.Takashima.TakashimaTestCase_Priyanka"/>
</testsuite> <!-- com.whs.navigator.testcases.Takashima.TakashimaTestCase_Priyanka -->
