<?xml version="1.0" encoding="UTF-8"?>
<!-- Generated by org.testng.reporters.JUnitReportReporter -->
<testsuite hostname="CLD-LAB0-QAA01" name="com.whs.navigator.testcases.CopyOfTalonTestCase" tests="1" failures="0" timestamp="20 May 2016 08:44:13 GMT" time="188.738" errors="0">
  <testcase name="testFieldValidationforSalesForm" time="188.738" classname="com.whs.navigator.testcases.CopyOfTalonTestCase"/>
</testsuite> <!-- com.whs.navigator.testcases.CopyOfTalonTestCase -->
