<?xml version="1.0" encoding="UTF-8"?>
<!-- Generated by org.testng.reporters.JUnitReportReporter -->
<testsuite hostname="CLD-LAB0-QAA01" name="com.whs.navigator.testcases.Nafeel.NafeelTestCase_Vivek" tests="1" failures="0" timestamp="13 Feb 2017 13:11:58 GMT" time="235.626" errors="0">
  <testcase name="createTempBadgeVerifyOnViewLogsTab" time="235.626" classname="com.whs.navigator.testcases.Nafeel.NafeelTestCase_Vivek"/>
</testsuite> <!-- com.whs.navigator.testcases.Nafeel.NafeelTestCase_Vivek -->
