<?xml version="1.0" encoding="UTF-8"?>
<!-- Generated by org.testng.reporters.JUnitReportReporter -->
<testsuite hostname="CLD-LAB0-QAA01" name="com.whs.navigator.testcases.LorienTestCase_Sukur" tests="1" failures="0" timestamp="12 Jul 2016 10:37:14 GMT" time="35.611" errors="0">
  <testcase name="validateTierPointdisplayInsteadOfWindstreamInStorageProfilePageTierToolTips" time="35.611" classname="com.whs.navigator.testcases.LorienTestCase_Sukur"/>
</testsuite> <!-- com.whs.navigator.testcases.LorienTestCase_Sukur -->
