<?xml version="1.0" encoding="UTF-8"?>
<!-- Generated by org.testng.reporters.JUnitReportReporter -->
<testsuite hostname="CLD-LAB0-QAA01" name="com.whs.navigator.testcases.chamber.SSOLoginTestCase_Arul" tests="2" failures="0" timestamp="15 Feb 2017 10:05:58 GMT" time="205.670" errors="0">
  <testcase name="verifySSOLogoutSessionFormsnNavigator" time="96.600" classname="com.whs.navigator.testcases.chamber.SSOLoginTestCase_Arul"/>
  <testcase name="verifySSOLogoutForNavigator" time="109.070" classname="com.whs.navigator.testcases.chamber.SSOLoginTestCase_Arul"/>
</testsuite> <!-- com.whs.navigator.testcases.chamber.SSOLoginTestCase_Arul -->
