<?xml version="1.0" encoding="UTF-8"?>
<!-- Generated by org.testng.reporters.JUnitReportReporter -->
<testsuite hostname="CLD-LAB0-QAA01" name="com.whs.navigator.testcases.Hidoshi.HidoshiTestCase_Sukur" tests="2" failures="0" timestamp="15 Dec 2016 08:39:44 GMT" time="230.261" errors="0">
  <testcase name="valViewDoorDisplayForCustomer" time="138.086" classname="com.whs.navigator.testcases.Hidoshi.HidoshiTestCase_Sukur"/>
  <testcase name="valViewDoorPDFandCSVIcons" time="92.175" classname="com.whs.navigator.testcases.Hidoshi.HidoshiTestCase_Sukur"/>
</testsuite> <!-- com.whs.navigator.testcases.Hidoshi.HidoshiTestCase_Sukur -->
