<?xml version="1.0" encoding="UTF-8"?>
<!-- Generated by org.testng.reporters.JUnitReportReporter -->
<testsuite hostname="CLD-LAB0-QAA01" name="com.whs.navigator.testcases.ValenTestCases" tests="1" failures="0" timestamp="1 Aug 2016 12:07:45 GMT" time="54.948" errors="0">
  <testcase name="verifyReportsBreadCrumb" time="54.948" classname="com.whs.navigator.testcases.ValenTestCases"/>
</testsuite> <!-- com.whs.navigator.testcases.ValenTestCases -->
