<?xml version="1.0" encoding="UTF-8"?>
<!-- Generated by org.testng.reporters.JUnitReportReporter -->
<testsuite hostname="CLD-LAB0-QAA01" name="com.whs.navigator.testcases.zathras.ZathrasTestCase_Priyanka" tests="6" failures="0" timestamp="30 Aug 2016 11:45:17 GMT" time="577.259" errors="0">
  <testcase name="verifySourceEM7Selector" time="82.872" classname="com.whs.navigator.testcases.zathras.ZathrasTestCase_Priyanka"/>
  <testcase name="verifySourceEM7" time="100.539" classname="com.whs.navigator.testcases.zathras.ZathrasTestCase_Priyanka"/>
  <testcase name="verifyAgiLoftPage" time="90.987" classname="com.whs.navigator.testcases.zathras.ZathrasTestCase_Priyanka"/>
  <testcase name="verifySourceEM7SelectorVal" time="99.500" classname="com.whs.navigator.testcases.zathras.ZathrasTestCase_Priyanka"/>
  <testcase name="verifyAgiLoftSource" time="103.361" classname="com.whs.navigator.testcases.zathras.ZathrasTestCase_Priyanka"/>
  <testcase name="verifyAgiLoft" time="100.000" classname="com.whs.navigator.testcases.zathras.ZathrasTestCase_Priyanka"/>
</testsuite> <!-- com.whs.navigator.testcases.zathras.ZathrasTestCase_Priyanka -->
