<?xml version="1.0" encoding="UTF-8"?>
<!-- Generated by org.testng.reporters.JUnitReportReporter -->
<testsuite hostname="CLD-LAB0-QAA01" name="com.whs.navigator.testcases.Miller.MillerTestCase_Srilatha" tests="1" failures="0" timestamp="16 May 2017 08:27:18 GMT" time="207.686" errors="0">
  <testcase name="verifyCreateAccountWindowValidations" time="207.686" classname="com.whs.navigator.testcases.Miller.MillerTestCase_Srilatha"/>
</testsuite> <!-- com.whs.navigator.testcases.Miller.MillerTestCase_Srilatha -->
