<?xml version="1.0" encoding="UTF-8"?>
<!-- Generated by org.testng.reporters.JUnitReportReporter -->
<testsuite hostname="CLD-LAB0-QAA01" name="com.whs.navigator.testcases.GalenTestCase_NMR" tests="2" failures="0" timestamp="14 Jun 2016 11:08:04 GMT" time="66.989" errors="0">
  <testcase name="verifyRefreshBtnDetails" time="39.439" classname="com.whs.navigator.testcases.GalenTestCase_NMR"/>
  <testcase name="verifyVirtualIpTabIPAddressColumn" time="27.550" classname="com.whs.navigator.testcases.GalenTestCase_NMR"/>
</testsuite> <!-- com.whs.navigator.testcases.GalenTestCase_NMR -->
