<?xml version="1.0" encoding="UTF-8"?>
<!-- Generated by org.testng.reporters.JUnitReportReporter -->
<testsuite hostname="CLD-LAB0-QAA01" name="com.whs.navigator.testcases.UserPermissionMultiOrgTestCase" tests="1" failures="0" timestamp="3 Aug 2016 12:57:20 GMT" time="105.426" errors="0">
  <testcase name="verifyOrgDataBySelectingFromEBPanelMultiOrg" time="105.426" classname="com.whs.navigator.testcases.UserPermissionMultiOrgTestCase"/>
</testsuite> <!-- com.whs.navigator.testcases.UserPermissionMultiOrgTestCase -->
