<?xml version="1.0" encoding="UTF-8"?>
<!-- Generated by org.testng.reporters.JUnitReportReporter -->
<testsuite hostname="CLD-LAB0-QAA01" name="com.whs.navigator.testcases.TalonTestCase_NMR" tests="1" failures="0" timestamp="28 Jun 2016 09:01:00 GMT" time="2022.470" errors="0">
  <testcase name="valPhoneNumberAndEmailAddFormate" time="2022.470" classname="com.whs.navigator.testcases.TalonTestCase_NMR"/>
</testsuite> <!-- com.whs.navigator.testcases.TalonTestCase_NMR -->
