<?xml version="1.0" encoding="UTF-8"?>
<!-- Generated by org.testng.reporters.JUnitReportReporter -->
<testsuite hostname="CLD-LAB0-QAA01" name="com.whs.navigator.testcases.Miller.MillerTestCase_Arul" tests="1" failures="0" timestamp="16 May 2017 11:30:34 GMT" time="1826.518" errors="0">
  <testcase name="valCreateLinkedAccountFunc" time="1826.518" classname="com.whs.navigator.testcases.Miller.MillerTestCase_Arul"/>
</testsuite> <!-- com.whs.navigator.testcases.Miller.MillerTestCase_Arul -->
