<?xml version="1.0" encoding="UTF-8"?>
<!-- Generated by org.testng.reporters.JUnitReportReporter -->
<testsuite hostname="CLD-LAB0-QAA01" name="com.whs.navigator.testcases.Timov.TimovTestcaseSP123_Arul" tests="1" failures="0" timestamp="10 Apr 2017 09:21:13 GMT" time="613.258" errors="0">
  <testcase name="verifySortIconOnAchiveTicketTableForStaff" time="613.258" classname="com.whs.navigator.testcases.Timov.TimovTestcaseSP123_Arul"/>
</testsuite> <!-- com.whs.navigator.testcases.Timov.TimovTestcaseSP123_Arul -->
