<?xml version="1.0" encoding="UTF-8"?>
<!-- Generated by org.testng.reporters.JUnitReportReporter -->
<testsuite hostname="CLD-LAB0-QAA01" name="com.whs.navigator.testcases.Deveraux.DeverauxTestCase_SLP" tests="1" failures="0" timestamp="9 May 2017 10:22:59 GMT" time="128.775" errors="0">
  <testcase name="verifyAzureCSResourceHealthField" time="128.775" classname="com.whs.navigator.testcases.Deveraux.DeverauxTestCase_SLP"/>
</testsuite> <!-- com.whs.navigator.testcases.Deveraux.DeverauxTestCase_SLP -->
