<?xml version="1.0" encoding="UTF-8"?>
<!-- Generated by org.testng.reporters.JUnitReportReporter -->
<testsuite hostname="WTIN01500914L" name="com.Schneider.testcases.SmokeTestCase" tests="2" failures="0" timestamp="19 May 2017 08:47:06 GMT" time="1.061" errors="0">
  <testcase name="verifyCreateDemandPage" time="0.098" classname="com.Schneider.testcases.SmokeTestCase"/>
  <testcase name="homePagePortletsLinks" time="0.963" classname="com.Schneider.testcases.SmokeTestCase"/>
</testsuite> <!-- com.Schneider.testcases.SmokeTestCase -->
