<?xml version="1.0" encoding="UTF-8"?>
<!-- Generated by org.testng.reporters.JUnitReportReporter -->
<testsuite hostname="CLD-LAB0-QAA01" name="com.whs.navigator.testcases.Nafeel.NafeelTestCase_SLP" tests="1" failures="0" timestamp="13 Feb 2017 10:02:40 GMT" time="107.636" errors="0">
  <testcase name="verifyDevicesMonitoredfornnafeeltest01user" time="107.636" classname="com.whs.navigator.testcases.Nafeel.NafeelTestCase_SLP"/>
</testsuite> <!-- com.whs.navigator.testcases.Nafeel.NafeelTestCase_SLP -->
