<?xml version="1.0" encoding="UTF-8"?>
<!-- Generated by org.testng.reporters.JUnitReportReporter -->
<testsuite hostname="CLD-LAB0-QAA01" name="com.whs.navigator.testcases.MathesonTestCase_Priyanka" tests="3" failures="0" timestamp="7 Jul 2016 12:43:21 GMT" time="255.069" errors="0">
  <testcase name="verifyGOMSortingDisabled" time="138.454" classname="com.whs.navigator.testcases.MathesonTestCase_Priyanka"/>
  <testcase name="verifyCoopersHawkOrgName" time="63.948" classname="com.whs.navigator.testcases.MathesonTestCase_Priyanka"/>
  <testcase name="verifyNewEVDCDetails" time="52.667" classname="com.whs.navigator.testcases.MathesonTestCase_Priyanka"/>
</testsuite> <!-- com.whs.navigator.testcases.MathesonTestCase_Priyanka -->
