<?xml version="1.0" encoding="UTF-8"?>
<!-- Generated by org.testng.reporters.JUnitReportReporter -->
<testsuite hostname="CLD-LAB0-QAA01" name="com.whs.navigator.testcases.Hidoshi.HidoshiTestCase_NMR" tests="1" failures="0" timestamp="16 Dec 2016 13:15:41 GMT" time="514.332" errors="0">
  <testcase name="verifyNoDataMessagebydelBadges" time="514.332" classname="com.whs.navigator.testcases.Hidoshi.HidoshiTestCase_NMR"/>
</testsuite> <!-- com.whs.navigator.testcases.Hidoshi.HidoshiTestCase_NMR -->
