<?xml version="1.0" encoding="UTF-8"?>
<!-- Generated by org.testng.reporters.JUnitReportReporter -->
<testsuite hostname="CLD-LAB0-QAA01" name="com.whs.navigator.testcases.TakashimaTestCase_SLP" tests="1" failures="0" timestamp="14 Jul 2016 12:52:53 GMT" time="84.545" errors="0">
  <testcase name="verifyResetPasswordPageNotdisplayedAfterLogin" time="84.545" classname="com.whs.navigator.testcases.TakashimaTestCase_SLP"/>
</testsuite> <!-- com.whs.navigator.testcases.TakashimaTestCase_SLP -->
