<?xml version="1.0" encoding="UTF-8"?>
<!-- Generated by org.testng.reporters.JUnitReportReporter -->
<testsuite hostname="CLD-LAB0-QAA01" name="com.whs.navigator.testcases.Deveraux.DeverauxTestCase_Vivek" tests="5" failures="0" timestamp="9 May 2017 08:11:37 GMT" time="724.701" errors="0">
  <testcase name="valAzureEVDCDashBoard" time="134.979" classname="com.whs.navigator.testcases.Deveraux.DeverauxTestCase_Vivek"/>
  <testcase name="valAzureStorageBlk" time="88.720" classname="com.whs.navigator.testcases.Deveraux.DeverauxTestCase_Vivek"/>
  <testcase name="valAzureVirtualMachineBlk" time="71.886" classname="com.whs.navigator.testcases.Deveraux.DeverauxTestCase_Vivek"/>
  <testcase name="valAzureBlock" time="355.129" classname="com.whs.navigator.testcases.Deveraux.DeverauxTestCase_Vivek"/>
  <testcase name="valAzureNetworkIOBlk" time="73.987" classname="com.whs.navigator.testcases.Deveraux.DeverauxTestCase_Vivek"/>
</testsuite> <!-- com.whs.navigator.testcases.Deveraux.DeverauxTestCase_Vivek -->
