<?xml version="1.0" encoding="UTF-8"?>
<!-- Generated by org.testng.reporters.JUnitReportReporter -->
<testsuite hostname="WTIN01500914L" name="com.Schneider.DemandPortal.testcases.Startup_debug" tests="1" failures="0" timestamp="26 May 2017 07:01:39 GMT" time="4.151" errors="0">
  <testcase name="openPortal" time="4.151" classname="com.Schneider.DemandPortal.testcases.Startup_debug"/>
</testsuite> <!-- com.Schneider.DemandPortal.testcases.Startup_debug -->
