<?xml version="1.0" encoding="UTF-8"?>
<!-- Generated by org.testng.reporters.JUnitReportReporter -->
<testsuite hostname="CLD-LAB0-QAA01" name="com.whs.navigator.testcases.Nafeel.TestCase_Sukur" tests="4" failures="0" timestamp="15 Feb 2017 10:39:41 GMT" time="1977.141" errors="0">
  <testcase name="verifysnapshotinlogsBeforeandafterwhenSubmitsEditFirewallRule" time="656.033" classname="com.whs.navigator.testcases.Nafeel.TestCase_Sukur"/>
  <testcase name="verifysnapshotinlogsBeforeandafterwhenSubmitsMoveFirewallRule" time="565.682" classname="com.whs.navigator.testcases.Nafeel.TestCase_Sukur"/>
  <testcase name="verifysnapshotinlogsBeforeandafterwhenSubmitsAddFirewallRule" time="478.733" classname="com.whs.navigator.testcases.Nafeel.TestCase_Sukur"/>
  <testcase name="verifysnapshotinlogsBeforeandafterwhenSubmitsDeleteFirewallRule" time="276.693" classname="com.whs.navigator.testcases.Nafeel.TestCase_Sukur"/>
</testsuite> <!-- com.whs.navigator.testcases.Nafeel.TestCase_Sukur -->
